Compiling build :dev to "resources/public/javascripts/dev.js" from ["src"]...
[36m----  Compiler Warning on   src/vocab_frontend/core.cljs   line:12  column:41  ----[0m

  [1mUse of undeclared Var vocab-frontend.core/on-click[0m

  [36m10[0m  [36m(defn app [][0m
  [36m11[0m  [36m      [:div[0m
  [33m12[0m  [1m       [:h1 {:class "title" :on-click #(on-click)} (:message @app-state) ][0m
  [0m  [0m  [33m                                        ^--- Use of undeclared Var vocab-frontend.core/on-click[0m
  [36m13[0m  [36m       [:p {:style {:font-size "400px"}} (gstring/unescapeEntities "&#14681;")]])[0m
  [36m14[0m  [36m[0m
  [36m15[0m  [36m[0m
  [36m16[0m  [36m(defn on-click [][0m
  [36m17[0m  [36m  (swap! app-state assoc :message "You clicked me :P"))[0m

[36m----  Compiler Warning : Please see src/vocab_frontend/core.cljs  ----[0m
[32mSuccessfully compiled build :dev to "resources/public/javascripts/dev.js" in 1.089 seconds.[0m
notifying browser that file changed:  resources/public/javascripts/dev.js
notifying browser that file changed:  resources/public/javascripts/cljs-dev/goog/deps.js
notifying browser that file changed:  resources/public/javascripts/cljs-dev/vocab_frontend/core.js
Compiling build :dev to "resources/public/javascripts/dev.js" from ["src"]...
[36m----  Compiler Warning on   src/vocab_frontend/core.cljs   line:12  column:41  ----[0m

  [1mUse of undeclared Var vocab-frontend.core/on-click[0m

  [36m10[0m  [36m(defn app [][0m
  [36m11[0m  [36m      [:div[0m
  [33m12[0m  [1m       [:h1 {:class "title" :on-click #(on-click)} (:message @app-state) ][0m
  [0m  [0m  [33m                                        ^--- Use of undeclared Var vocab-frontend.core/on-click[0m
  [36m13[0m  [36m       [:p {:style {:font-size "400px"}} (gstring/unescapeEntities "&#14681;")]])[0m
  [36m14[0m  [36m[0m
  [36m15[0m  [36m[0m
  [36m16[0m  [36m(defn on-click [][0m
  [36m17[0m  [36m  (swap! app-state assoc :message "You clicked me :P"))[0m

[36m----  Compiler Warning : Please see src/vocab_frontend/core.cljs  ----[0m
[32mSuccessfully compiled build :dev to "resources/public/javascripts/dev.js" in 0.726 seconds.[0m
notifying browser that file changed:  resources/public/javascripts/cljs-dev/vocab_frontend/core.js
Compiling build :dev to "resources/public/javascripts/dev.js" from ["src"]...
[36m----  Compiler Warning on   src/vocab_frontend/core.cljs   line:12  column:41  ----[0m

  [1mUse of undeclared Var vocab-frontend.core/on-click[0m

  [36m10[0m  [36m(defn app [][0m
  [36m11[0m  [36m      [:div[0m
  [33m12[0m  [1m       [:h1 {:class "title" :on-click #(on-click)} (:message @app-state) ][0m
  [0m  [0m  [33m                                        ^--- Use of undeclared Var vocab-frontend.core/on-click[0m
  [36m13[0m  [36m       [:p {:style {:font-size "400px"}} (gstring/unescapeEntities "&#14681;")]])[0m
  [36m14[0m  [36m[0m
  [36m15[0m  [36m[0m
  [36m16[0m  [36m(defn on-click [][0m
  [36m17[0m  [36m  (swap! app-state assoc :message "You clicked me :P"))[0m

[36m----  Compiler Warning : Please see src/vocab_frontend/core.cljs  ----[0m
[32mSuccessfully compiled build :dev to "resources/public/javascripts/dev.js" in 0.657 seconds.[0m
notifying browser that file changed:  resources/public/javascripts/cljs-dev/vocab_frontend/core.js
Compiling build :dev to "resources/public/javascripts/dev.js" from ["src"]...
[36m----  Compiler Warning on   src/vocab_frontend/core.cljs   line:12  column:41  ----[0m

  [1mUse of undeclared Var vocab-frontend.core/on-click[0m

  [36m10[0m  [36m(defn app [][0m
  [36m11[0m  [36m      [:div[0m
  [33m12[0m  [1m       [:h1 {:class "title" :on-click #(on-click)} (:message @app-state) ][0m
  [0m  [0m  [33m                                        ^--- Use of undeclared Var vocab-frontend.core/on-click[0m
  [36m13[0m  [36m       [:p {:style {:font-size "400px"}} (gstring/unescapeEntities "&#14681;")]])[0m
  [36m14[0m  [36m[0m
  [36m15[0m  [36m[0m
  [36m16[0m  [36m(defn on-click [][0m
  [36m17[0m  [36m  (swap! app-state assoc :message "You clicked me :P"))[0m

[36m----  Compiler Warning : Please see src/vocab_frontend/core.cljs  ----[0m
[32mSuccessfully compiled build :dev to "resources/public/javascripts/dev.js" in 0.616 seconds.[0m
notifying browser that file changed:  resources/public/javascripts/cljs-dev/vocab_frontend/core.js
Compiling build :dev to "resources/public/javascripts/dev.js" from ["src"]...
[36m----  Compiler Warning on   src/vocab_frontend/core.cljs   line:12  column:41  ----[0m

  [1mUse of undeclared Var vocab-frontend.core/on-click[0m

  [36m10[0m  [36m(defn app [][0m
  [36m11[0m  [36m      [:div[0m
  [33m12[0m  [1m       [:h1 {:class "title" :on-click #(on-click)} (:message @app-state) ][0m
  [0m  [0m  [33m                                        ^--- Use of undeclared Var vocab-frontend.core/on-click[0m
  [36m13[0m  [36m       [:p {:style {:font-size "400px"}} (gstring/unescapeEntities "&#14681;")]])[0m
  [36m14[0m  [36m[0m
  [36m15[0m  [36m[0m
  [36m16[0m  [36m(defn on-click [][0m
  [36m17[0m  [36m  (swap! app-state assoc :message "You clicked me :P"))[0m

[36m----  Compiler Warning : Please see src/vocab_frontend/core.cljs  ----[0m
[32mSuccessfully compiled build :dev to "resources/public/javascripts/dev.js" in 0.617 seconds.[0m
notifying browser that file changed:  resources/public/javascripts/cljs-dev/vocab_frontend/core.js
Compiling build :dev to "resources/public/javascripts/dev.js" from ["src"]...
[36m----  Compiler Warning on   src/vocab_frontend/core.cljs   line:12  column:41  ----[0m

  [1mUse of undeclared Var vocab-frontend.core/on-click[0m

  [36m10[0m  [36m(defn app [][0m
  [36m11[0m  [36m      [:div[0m
  [33m12[0m  [1m       [:h1 {:class "title" :on-click #(on-click)} (:message @app-state) ][0m
  [0m  [0m  [33m                                        ^--- Use of undeclared Var vocab-frontend.core/on-click[0m
  [36m13[0m  [36m       [:p {:style {:font-size "400px"}} (gstring/unescapeEntities "&#14681;")]])[0m
  [36m14[0m  [36m[0m
  [36m15[0m  [36m[0m
  [36m16[0m  [36m(defn on-click [][0m
  [36m17[0m  [36m  (swap! app-state assoc :message "You clicked me :P"))[0m

[36m----  Compiler Warning : Please see src/vocab_frontend/core.cljs  ----[0m
[32mSuccessfully compiled build :dev to "resources/public/javascripts/dev.js" in 0.649 seconds.[0m
notifying browser that file changed:  resources/public/javascripts/cljs-dev/vocab_frontend/core.js
Compiling build :dev to "resources/public/javascripts/dev.js" from ["src"]...
[36m----  Compiler Warning on   src/vocab_frontend/core.cljs   line:12  column:41  ----[0m

  [1mUse of undeclared Var vocab-frontend.core/on-click[0m

  [36m10[0m  [36m(defn app [][0m
  [36m11[0m  [36m      [:div[0m
  [33m12[0m  [1m       [:h1 {:class "title" :on-click #(on-click)} (:message @app-state) ][0m
  [0m  [0m  [33m                                        ^--- Use of undeclared Var vocab-frontend.core/on-click[0m
  [36m13[0m  [36m       [:p {:style {:font-size "400px"}} (gstring/unescapeEntities "&#14681;")]])[0m
  [36m14[0m  [36m[0m
  [36m15[0m  [36m[0m
  [36m16[0m  [36m(defn on-click [][0m
  [36m17[0m  [36m  (swap! app-state assoc :message "You clicked me :P"))[0m

[36m----  Compiler Warning : Please see src/vocab_frontend/core.cljs  ----[0m
[32mSuccessfully compiled build :dev to "resources/public/javascripts/dev.js" in 0.653 seconds.[0m
notifying browser that file changed:  resources/public/javascripts/cljs-dev/vocab_frontend/core.js
Compiling build :dev to "resources/public/javascripts/dev.js" from ["src"]...
[36m----  Compiler Warning on   src/vocab_frontend/core.cljs   line:12  column:41  ----[0m

  [1mUse of undeclared Var vocab-frontend.core/on-click[0m

  [36m10[0m  [36m(defn app [][0m
  [36m11[0m  [36m      [:div[0m
  [33m12[0m  [1m       [:h1 {:class "title" :on-click #(on-click)} (:message @app-state) ][0m
  [0m  [0m  [33m                                        ^--- Use of undeclared Var vocab-frontend.core/on-click[0m
  [36m13[0m  [36m       [:p {:style {:font-size "400px"}} (gstring/unescapeEntities "&#14681;")]])[0m
  [36m14[0m  [36m[0m
  [36m15[0m  [36m[0m
  [36m16[0m  [36m(defn on-click [][0m
  [36m17[0m  [36m  (swap! app-state assoc :message "You clicked me :P"))[0m

[36m----  Compiler Warning : Please see src/vocab_frontend/core.cljs  ----[0m
[32mSuccessfully compiled build :dev to "resources/public/javascripts/dev.js" in 0.772 seconds.[0m
notifying browser that file changed:  resources/public/javascripts/dev.js
notifying browser that file changed:  resources/public/javascripts/cljs-dev/goog/deps.js
notifying browser that file changed:  resources/public/javascripts/cljs-dev/vocab_frontend/core.js
Compiling build :dev to "resources/public/javascripts/dev.js" from ["src"]...
[36m----  Compiler Warning on   src/vocab_frontend/core.cljs   line:12  column:41  ----[0m

  [1mUse of undeclared Var vocab-frontend.core/on-click[0m

  [36m10[0m  [36m(defn app [][0m
  [36m11[0m  [36m      [:div[0m
  [33m12[0m  [1m       [:h1 {:class "title" :on-click #(on-click)} (:message @app-state) ][0m
  [0m  [0m  [33m                                        ^--- Use of undeclared Var vocab-frontend.core/on-click[0m
  [36m13[0m  [36m       [:p {:style {:font-size "400px"}} (gstring/unescapeEntities "&#14681;")]])[0m
  [36m14[0m  [36m[0m
  [36m15[0m  [36m[0m
  [36m16[0m  [36m(defn on-click [][0m
  [36m17[0m  [36m  (swap! app-state assoc :message "You clicked me :P"))[0m

[36m----  Compiler Warning : Please see src/vocab_frontend/core.cljs  ----[0m
[32mSuccessfully compiled build :dev to "resources/public/javascripts/dev.js" in 0.561 seconds.[0m
notifying browser that file changed:  resources/public/javascripts/cljs-dev/vocab_frontend/core.js
